Ibrahim Qadhmani

PROG2220: Section 2

Assignment 4: Task 2

Current System Date
2017-12-14 21:24:01


*** Task 2, Q1. SWE Exercise 1 [2 points] ***

Average Score
88.3


*** Task 2, Q2. SWE Exercise 2 [2 points] ***

COUNT(*)
2


*** Task 2, Q3. SWE Exercise 3 [4 points] ***

c_first	c_last
Mark	Myers
Janet	Park
Brian	Zhang


*** Task 2, Q4. SWE Exercise 4 [5 points] ***

p_id	project_name
1	Hardware Support Intranet
3	Hardware Support Database
7	Exploration Database
