Ibrahim Qadhmani

PROG2220: Section 2

Assignment 5: Task 3

Current System Date
2017-12-23 01:44:04


*** Task 3, Q1. MGS Exercise 12-3 [5 points] ***

order_id	order_date	item_price	discount_amount	final_price	quantity	item_total	product_name
1	2015-03-28 09:40:28	1199.00	359.70	839.30	1	839.30	Gibson Les Paul
2	2015-03-28 11:23:20	489.99	186.20	303.79	1	303.79	Yamaha FG700S
3	2015-03-29 09:44:58	2517.00	1308.84	1208.16	1	1208.16	Gibson SG
3	2015-03-29 09:44:58	415.00	161.85	253.15	1	253.15	Rodriguez Caballero 11
4	2015-03-30 15:22:31	1199.00	359.70	839.30	2	1678.60	Gibson Les Paul
5	2015-03-31 05:43:11	299.00	0.00	299.00	1	299.00	Washburn D10S
6	2015-03-31 18:37:22	299.00	0.00	299.00	1	299.00	Washburn D10S
7	2015-04-01 23:11:12	699.00	209.70	489.30	1	489.30	Fender Stratocaster
7	2015-04-01 23:11:12	799.99	240.00	559.99	1	559.99	Fender Precision
7	2015-04-01 23:11:12	699.99	210.00	489.99	1	489.99	Ludwig 5-piece Drum Set with Cymbals
8	2015-04-02 11:26:38	799.99	120.00	679.99	1	679.99	Tama 5-Piece Drum Set with Cymbals
9	2015-04-03 12:22:31	699.00	209.70	489.30	1	489.30	Fender Stratocaster


*** Task 3, Q2. MGS Exercise 12-4 [3 points] ***

order_id	product_name	item_total
7	Fender Precision	559.99
7	Fender Stratocaster	489.30
9	Fender Stratocaster	489.30
1	Gibson Les Paul	839.30
4	Gibson Les Paul	1678.60
3	Gibson SG	1208.16
7	Ludwig 5-piece Drum Set with Cymbals	489.99
3	Rodriguez Caballero 11	253.15
8	Tama 5-Piece Drum Set with Cymbals	679.99
5	Washburn D10S	299.00
6	Washburn D10S	299.00
2	Yamaha FG700S	303.79


*** Task 3, Q3. MGS Exercise 12-5 [4 points] ***



*** Task 3, Q4. MGS Exercise 12-6 [3 points] ***

product_name	order_total
Gibson Les Paul	2517.90
Gibson SG	1208.16
Fender Stratocaster	978.60
Tama 5-Piece Drum Set with Cymbals	679.99
Washburn D10S	598.00
